<?xml version="1.0" encoding="UTF-8"?>
<!-- Generated by org.testng.reporters.JUnitReportReporter -->
<testsuite hostname="DESKTOP-KKDP7KL" failures="0" tests="1" name="testPackage.Browser" time="0.021" errors="0" timestamp="2022-05-28T10:52:53 IST" skipped="0">
  <testcase classname="testPackage.Browser" name="method" time="0.021"/>
  <system-out/>
</testsuite> <!-- testPackage.Browser -->
