<?xml version="1.0" encoding="UTF-8"?>
<!-- Generated by org.testng.reporters.JUnitReportReporter -->
<testsuite hostname="DESKTOP-KKDP7KL" failures="0" tests="1" name="testPackage.FlightBooking" time="24.687" errors="0" timestamp="2022-05-28T17:59:46 IST" skipped="0">
  <testcase classname="testPackage.FlightBooking" name="book" time="24.687"/>
  <system-out/>
</testsuite> <!-- testPackage.FlightBooking -->
