<?xml version="1.0" encoding="UTF-8"?>
<!-- Generated by org.testng.reporters.JUnitReportReporter -->
<testsuite hostname="DESKTOP-KKDP7KL" failures="0" tests="1" name="testPackage.NewClass" time="9.067" errors="0" timestamp="2022-05-28T17:32:24 IST" skipped="0">
  <testcase classname="testPackage.NewClass" name="method" time="9.067"/>
  <system-out/>
</testsuite> <!-- testPackage.NewClass -->
